logging start
found 0 recent post(s) tagged #lukanette
found 0 post(s) before 10:22 AM tagged #lukanette
found 0 post(s) before 08:22 AM tagged #lukanette
found 0 post(s) before 06:22 AM tagged #lukanette
found 0 post(s) before 04:22 AM tagged #lukanette
found 0 post(s) before 02:22 AM tagged #lukanette
found 0 post(s) before 00:22 AM tagged #lukanette
found 0 post(s) before 22:22 PM tagged #lukanette
found 0 post(s) before 20:22 PM tagged #lukanette
found 0 post(s) before 18:22 PM tagged #lukanette
found 0 post(s) before 16:22 PM tagged #lukanette
found 0 post(s) before 14:22 PM tagged #lukanette
found 0 post(s) before 12:22 PM tagged #lukanette
found 0 recent post(s) tagged #luka/marinette
found 0 post(s) before 10:22 AM tagged #luka/marinette
found 0 post(s) before 08:22 AM tagged #luka/marinette
found 0 post(s) before 06:22 AM tagged #luka/marinette
found 0 post(s) before 04:22 AM tagged #luka/marinette
found 0 post(s) before 02:22 AM tagged #luka/marinette
found 0 post(s) before 00:22 AM tagged #luka/marinette
found 0 post(s) before 22:22 PM tagged #luka/marinette
found 0 post(s) before 20:22 PM tagged #luka/marinette
found 0 post(s) before 18:22 PM tagged #luka/marinette
found 0 post(s) before 16:23 PM tagged #luka/marinette
found 0 post(s) before 14:23 PM tagged #luka/marinette
found 0 post(s) before 12:23 PM tagged #luka/marinette
found 0 recent post(s) tagged #Lukanette
found 0 post(s) before 10:23 AM tagged #Lukanette
found 0 post(s) before 08:23 AM tagged #Lukanette
found 0 post(s) before 06:23 AM tagged #Lukanette
found 0 post(s) before 04:23 AM tagged #Lukanette
found 0 post(s) before 02:23 AM tagged #Lukanette
found 0 post(s) before 00:23 AM tagged #Lukanette
found 0 post(s) before 22:23 PM tagged #Lukanette
